[debug] [2017-12-03T19:13:21.281Z] ----------------------------------------------------------------------
[debug] [2017-12-03T19:13:21.284Z] Command:       /usr/local/Cellar/node/8.9.1/bin/node /usr/local/bin/firebase deploy
[debug] [2017-12-03T19:13:21.284Z] CLI Version:   3.15.3
[debug] [2017-12-03T19:13:21.284Z] Platform:      darwin
[debug] [2017-12-03T19:13:21.284Z] Node Version:  v8.9.1
[debug] [2017-12-03T19:13:21.285Z] Time:          Sun Dec 03 2017 14:13:21 GMT-0500 (-05)
[debug] [2017-12-03T19:13:21.285Z] ----------------------------------------------------------------------
[debug] 
[debug] [2017-12-03T19:13:21.303Z] > command requires scopes: ["email","openid","https://www.googleapis.com/auth/cloudplatformprojects.readonly","https://www.googleapis.com/auth/firebase","https://www.googleapis.com/auth/cloud-platform"]
[debug] [2017-12-03T19:13:21.303Z] > authorizing via signed-in user
[debug] [2017-12-03T19:13:21.305Z] > refreshing access token with scopes: ["email","https://www.googleapis.com/auth/cloud-platform","https://www.googleapis.com/auth/cloudplatformprojects.readonly","https://www.googleapis.com/auth/firebase","openid"]
[debug] [2017-12-03T19:13:21.305Z] >>> HTTP REQUEST POST https://www.googleapis.com/oauth2/v3/token { refresh_token: '1/7jzUeOT8ywD_wWbD61s7E4Aug6LbAhPbY9rOIJPrM2U',
  client_id: '563584335869-fgrhgmd47bqnekij5i8b5pr03ho849e6.apps.googleusercontent.com',
  client_secret: 'j9iVZfS8kkCEFUPaAeJV0sAi',
  grant_type: 'refresh_token',
  scope: 'email https://www.googleapis.com/auth/cloud-platform https://www.googleapis.com/auth/cloudplatformprojects.readonly https://www.googleapis.com/auth/firebase openid' } 
 Sun Dec 03 2017 14:13:21 GMT-0500 (-05)
[debug] [2017-12-03T19:13:21.673Z] <<< HTTP RESPONSE 200
[debug] [2017-12-03T19:13:21.682Z] >>> HTTP REQUEST GET https://admin.firebase.com/v1/projects/ramla-software  
 Sun Dec 03 2017 14:13:21 GMT-0500 (-05)
